<?xml version="1.0" encoding="UTF-8" ?>
<testsuite tests="12" failures="0" name="ChekNameTest" time="0.005" errors="0" skipped="0">
  <properties>
[...]
</properties>
  <testcase classname="ChekNameTest" name="checkRightString" time="0.005"/>
  <testcase classname="ChekNameTest" name="checkStringWithThreeChars" time="0"/>
  <testcase classname="ChekNameTest" name="checkStringWithEmptyChars" time="0"/>
  <testcase classname="ChekNameTest" name="checkStringWithNineteenChars" time="0"/>
  <testcase classname="ChekNameTest" name="checkStringWithoutSpace" time="0"/>
  <testcase classname="ChekNameTest" name="checkStringWithFourthChars" time="0"/>
  <testcase classname="ChekNameTest" name="checkStringWithTwentyChars" time="0"/>
  <testcase classname="ChekNameTest" name="checkStringWithSpaceInEnd" time="0"/>
  <testcase classname="ChekNameTest" name="checkStringWithSpaceInStart" time="0"/>
  <testcase classname="ChekNameTest" name="checkStringWithTwoSpaces" time="0"/>
  <testcase classname="ChekNameTest" name="checkStringWithEighteenChars" time="0"/>
  <testcase classname="ChekNameTest" name="checkStringWithTwoChars" time="0"/>
</testsuite>